[0.019s] Invoking command in '/home/marwan/ros2_ws/build/task_1': /usr/bin/cmake /home/marwan/ros2_ws -DCMAKE_INSTALL_PREFIX=/home/marwan/ros2_ws/install/task_1
[0.039s] -- Found ament_cmake: 0.9.12 (/opt/ros/foxy/share/ament_cmake/cmake)
[0.069s] -- Using PYTHON_EXECUTABLE: /usr/bin/python3
[0.389s] -- Found rclcpp: 2.4.3 (/opt/ros/foxy/share/rclcpp/cmake)
[0.435s] -- Using all available rosidl_typesupport_c: rosidl_typesupport_fastrtps_c;rosidl_typesupport_introspection_c
[0.440s] -- Found rosidl_adapter: 1.3.1 (/opt/ros/foxy/share/rosidl_adapter/cmake)
[0.605s] -- Using all available rosidl_typesupport_cpp: rosidl_typesupport_fastrtps_cpp;rosidl_typesupport_introspection_cpp
[0.678s] -- Found rmw_implementation_cmake: 1.0.4 (/opt/ros/foxy/share/rmw_implementation_cmake/cmake)
[0.680s] -- Using RMW implementation 'rmw_fastrtps_cpp' as default
[0.895s] CMake Error at CMakeLists.txt:7 (find_package):
[0.895s]   By not providing "Findlaunch.cmake" in CMAKE_MODULE_PATH this project has
[0.895s]   asked CMake to find a package configuration file provided by "launch", but
[0.895s]   CMake did not find one.
[0.896s] 
[0.896s]   Could not find a package configuration file provided by "launch" with any
[0.896s]   of the following names:
[0.896s] 
[0.896s]     launchConfig.cmake
[0.896s]     launch-config.cmake
[0.897s] 
[0.897s]   Add the installation prefix of "launch" to CMAKE_PREFIX_PATH or set
[0.897s]   "launch_DIR" to a directory containing one of the above files.  If "launch"
[0.897s]   provides a separate development package or SDK, be sure it has been
[0.897s]   installed.
[0.898s] 
[0.898s] 
[0.898s] -- Configuring incomplete, errors occurred!
[0.898s] See also "/home/marwan/ros2_ws/build/task_1/CMakeFiles/CMakeOutput.log".
[0.898s] See also "/home/marwan/ros2_ws/build/task_1/CMakeFiles/CMakeError.log".
[0.908s] Invoked command in '/home/marwan/ros2_ws/build/task_1' returned '1': /usr/bin/cmake /home/marwan/ros2_ws -DCMAKE_INSTALL_PREFIX=/home/marwan/ros2_ws/install/task_1
