[0.020s] Invoking command in '/home/marwan/ros2_ws/build/task_1': /usr/bin/cmake /home/marwan/ros2_ws -DCMAKE_INSTALL_PREFIX=/home/marwan/ros2_ws/install/task_1
[0.041s] -- Found ament_cmake: 0.9.12 (/opt/ros/foxy/share/ament_cmake/cmake)
[0.071s] -- Using PYTHON_EXECUTABLE: /usr/bin/python3
[0.354s] -- Found rclcpp: 2.4.3 (/opt/ros/foxy/share/rclcpp/cmake)
[0.401s] -- Using all available rosidl_typesupport_c: rosidl_typesupport_fastrtps_c;rosidl_typesupport_introspection_c
[0.405s] -- Found rosidl_adapter: 1.3.1 (/opt/ros/foxy/share/rosidl_adapter/cmake)
[0.627s] -- Using all available rosidl_typesupport_cpp: rosidl_typesupport_fastrtps_cpp;rosidl_typesupport_introspection_cpp
[0.705s] -- Found rmw_implementation_cmake: 1.0.4 (/opt/ros/foxy/share/rmw_implementation_cmake/cmake)
[0.707s] -- Using RMW implementation 'rmw_fastrtps_cpp' as default
[0.928s] CMake Error at CMakeLists.txt:7 (find_package):
[0.928s]   By not providing "Findlaunch.cmake" in CMAKE_MODULE_PATH this project has
[0.928s]   asked CMake to find a package configuration file provided by "launch", but
[0.928s]   CMake did not find one.
[0.928s] 
[0.928s]   Could not find a package configuration file provided by "launch" with any
[0.928s]   of the following names:
[0.928s] 
[0.928s]     launchConfig.cmake
[0.929s]     launch-config.cmake
[0.929s] 
[0.929s]   Add the installation prefix of "launch" to CMAKE_PREFIX_PATH or set
[0.929s]   "launch_DIR" to a directory containing one of the above files.  If "launch"
[0.929s]   provides a separate development package or SDK, be sure it has been
[0.929s]   installed.
[0.929s] 
[0.930s] 
[0.931s] -- Configuring incomplete, errors occurred!
[0.931s] See also "/home/marwan/ros2_ws/build/task_1/CMakeFiles/CMakeOutput.log".
[0.931s] See also "/home/marwan/ros2_ws/build/task_1/CMakeFiles/CMakeError.log".
[0.944s] Invoked command in '/home/marwan/ros2_ws/build/task_1' returned '1': /usr/bin/cmake /home/marwan/ros2_ws -DCMAKE_INSTALL_PREFIX=/home/marwan/ros2_ws/install/task_1
