[0.347s] DEBUG:colcon:Command line arguments: ['/usr/bin/colcon', 'build']
[0.348s] DEBUG:colcon:Parsed command line arguments: Namespace(allow_overriding=[], ament_cmake_args=None, base_paths=['.'], build_base='build', catkin_cmake_args=None, catkin_skip_building_tests=False, cmake_args=None, cmake_clean_cache=False, cmake_clean_first=False, cmake_force_configure=False, cmake_target=None, cmake_target_skip_unavailable=False, continue_on_error=False, event_handlers=None, executor='parallel', ignore_user_meta=False, install_base='install', log_base=None, log_level=None, main=<bound method BuildVerb.main of <colcon_core.verb.build.BuildVerb object at 0x7f5db8756be0>>, merge_install=False, metas=['./colcon.meta'], mixin=None, mixin_files=None, mixin_verb=('build',), packages_above=None, packages_above_and_dependencies=None, packages_above_depth=None, packages_end=None, packages_ignore=None, packages_ignore_regex=None, packages_select=None, packages_select_build_failed=False, packages_select_by_dep=None, packages_select_regex=None, packages_select_test_failures=False, packages_skip=None, packages_skip_build_finished=False, packages_skip_by_dep=None, packages_skip_regex=None, packages_skip_test_passed=False, packages_skip_up_to=None, packages_start=None, packages_up_to=None, packages_up_to_regex=None, parallel_workers=4, paths=None, symlink_install=False, test_result_base=None, verb_extension=<colcon_core.verb.build.BuildVerb object at 0x7f5db8756be0>, verb_name='build', verb_parser=<colcon_mixin.mixin.mixin_argument.MixinArgumentDecorator object at 0x7f5db863ba90>)
[0.636s] Level 1:colcon.colcon_core.package_discovery:discover_packages(colcon_meta) check parameters
[0.637s] Level 1:colcon.colcon_core.package_discovery:discover_packages(recursive) check parameters
[0.637s] Level 1:colcon.colcon_core.package_discovery:discover_packages(ignore) check parameters
[0.637s] Level 1:colcon.colcon_core.package_discovery:discover_packages(path) check parameters
[0.637s] Level 1:colcon.colcon_core.package_discovery:discover_packages(colcon_meta) discover
[0.637s] Level 1:colcon.colcon_core.package_discovery:discover_packages(recursive) discover
[0.637s] INFO:colcon.colcon_core.package_discovery:Crawling recursively for packages in '/home/marwan/ros2_ws'
[0.637s] Level 1:colcon.colcon_core.package_identification:_identify(.) by extensions ['ignore', 'ignore_ament_install']
[0.637s] Level 1:colcon.colcon_core.package_identification:_identify(.) by extension 'ignore'
[0.637s] Level 1:colcon.colcon_core.package_identification:_identify(.) by extension 'ignore_ament_install'
[0.638s] Level 1:colcon.colcon_core.package_identification:_identify(.) by extensions ['colcon_pkg']
[0.638s] Level 1:colcon.colcon_core.package_identification:_identify(.) by extension 'colcon_pkg'
[0.638s] Level 1:colcon.colcon_core.package_identification:_identify(.) by extensions ['colcon_meta']
[0.638s] Level 1:colcon.colcon_core.package_identification:_identify(.) by extension 'colcon_meta'
[0.638s] Level 1:colcon.colcon_core.package_identification:_identify(.) by extensions ['ros']
[0.638s] Level 1:colcon.colcon_core.package_identification:_identify(.) by extension 'ros'
[0.653s] Level 1:colcon.colcon_core.package_identification:_identify(.) by extensions ['cmake', 'python']
[0.653s] Level 1:colcon.colcon_core.package_identification:_identify(.) by extension 'cmake'
[0.658s] Level 1:colcon.colcon_core.package_identification:_identify(.) by extension 'python'
[0.658s] DEBUG:colcon.colcon_core.package_identification:Package '.' with type 'cmake' and name 'task_1'
[0.658s] Level 1:colcon.colcon_core.package_discovery:discover_packages(recursive) using defaults
[0.658s] Level 1:colcon.colcon_core.package_discovery:discover_packages(ignore) discover
[0.658s] Level 1:colcon.colcon_core.package_discovery:discover_packages(ignore) using defaults
[0.659s] Level 1:colcon.colcon_core.package_discovery:discover_packages(path) discover
[0.659s] Level 1:colcon.colcon_core.package_discovery:discover_packages(path) using defaults
[0.680s] Level 1:colcon.colcon_core.package_discovery:discover_packages(prefix_path) check parameters
[0.680s] Level 1:colcon.colcon_core.package_discovery:discover_packages(prefix_path) discover
[0.682s] DEBUG:colcon.colcon_installed_package_information.package_discovery:Found 1 installed packages in /home/marwan/ros2_ws/install
[0.683s] DEBUG:colcon.colcon_installed_package_information.package_discovery:Found 0 installed packages in /home/marwan/Task_1/install
[0.684s] DEBUG:colcon.colcon_installed_package_information.package_discovery:Found 256 installed packages in /opt/ros/foxy
[0.701s] Level 1:colcon.colcon_core.package_discovery:discover_packages(prefix_path) using defaults
[0.781s] Level 5:colcon.colcon_core.verb:set package 'task_1' build argument 'cmake_args' from command line to 'None'
[0.781s] Level 5:colcon.colcon_core.verb:set package 'task_1' build argument 'cmake_target' from command line to 'None'
[0.781s] Level 5:colcon.colcon_core.verb:set package 'task_1' build argument 'cmake_target_skip_unavailable' from command line to 'False'
[0.781s] Level 5:colcon.colcon_core.verb:set package 'task_1' build argument 'cmake_clean_cache' from command line to 'False'
[0.781s] Level 5:colcon.colcon_core.verb:set package 'task_1' build argument 'cmake_clean_first' from command line to 'False'
[0.782s] Level 5:colcon.colcon_core.verb:set package 'task_1' build argument 'cmake_force_configure' from command line to 'False'
[0.782s] Level 5:colcon.colcon_core.verb:set package 'task_1' build argument 'ament_cmake_args' from command line to 'None'
[0.782s] Level 5:colcon.colcon_core.verb:set package 'task_1' build argument 'catkin_cmake_args' from command line to 'None'
[0.782s] Level 5:colcon.colcon_core.verb:set package 'task_1' build argument 'catkin_skip_building_tests' from command line to 'False'
[0.782s] DEBUG:colcon.colcon_core.verb:Building package 'task_1' with the following arguments: {'ament_cmake_args': None, 'build_base': '/home/marwan/ros2_ws/build/task_1', 'catkin_cmake_args': None, 'catkin_skip_building_tests': False, 'cmake_args': None, 'cmake_clean_cache': False, 'cmake_clean_first': False, 'cmake_force_configure': False, 'cmake_target': None, 'cmake_target_skip_unavailable': False, 'install_base': '/home/marwan/ros2_ws/install/task_1', 'merge_install': False, 'path': '/home/marwan/ros2_ws', 'symlink_install': False, 'test_result_base': None}
[0.782s] INFO:colcon.colcon_core.executor:Executing jobs using 'parallel' executor
[0.784s] DEBUG:colcon.colcon_parallel_executor.executor.parallel:run_until_complete
[0.784s] INFO:colcon.colcon_cmake.task.cmake.build:Building CMake package in '/home/marwan/ros2_ws'
[0.787s] INFO:colcon.colcon_core.plugin_system:Skipping extension 'colcon_core.shell.bat': Not used on non-Windows systems
[0.787s] INFO:colcon.colcon_core.shell:Skip shell extension 'powershell' for command environment: Not usable outside of PowerShell
[0.787s] DEBUG:colcon.colcon_core.shell:Skip shell extension 'dsv' for command environment
[0.790s] DEBUG:colcon.colcon_core.shell:Ignoring prefix path '/home/marwan/turtle_ws/devel'
[0.804s] DEBUG:colcon.colcon_core.event_handler.log_command:Invoking command in '/home/marwan/ros2_ws/build/task_1': /usr/bin/cmake /home/marwan/ros2_ws -DCMAKE_INSTALL_PREFIX=/home/marwan/ros2_ws/install/task_1
[1.693s] DEBUG:colcon.colcon_core.event_handler.log_command:Invoked command in '/home/marwan/ros2_ws/build/task_1' returned '1': /usr/bin/cmake /home/marwan/ros2_ws -DCMAKE_INSTALL_PREFIX=/home/marwan/ros2_ws/install/task_1
[1.694s] DEBUG:colcon.colcon_parallel_executor.executor.parallel:closing loop
[1.694s] DEBUG:colcon.colcon_parallel_executor.executor.parallel:loop closed
[1.694s] DEBUG:colcon.colcon_parallel_executor.executor.parallel:run_until_complete finished with '1'
[1.694s] DEBUG:colcon.colcon_core.event_reactor:joining thread
[1.704s] INFO:colcon.colcon_core.plugin_system:Skipping extension 'colcon_notification.desktop_notification.terminal_notifier': Not used on non-Darwin systems
[1.704s] INFO:colcon.colcon_core.plugin_system:Skipping extension 'colcon_notification.desktop_notification.win32': Not used on non-Windows systems
[1.704s] INFO:colcon.colcon_notification.desktop_notification:Sending desktop notification using 'notify2'
[1.727s] DEBUG:colcon.colcon_core.event_reactor:joined thread
[1.727s] INFO:colcon.colcon_core.shell:Creating prefix script '/home/marwan/ros2_ws/install/local_setup.ps1'
[1.729s] INFO:colcon.colcon_core.shell:Creating prefix util module '/home/marwan/ros2_ws/install/_local_setup_util_ps1.py'
[1.732s] INFO:colcon.colcon_core.shell:Creating prefix chain script '/home/marwan/ros2_ws/install/setup.ps1'
[1.734s] INFO:colcon.colcon_core.shell:Creating prefix script '/home/marwan/ros2_ws/install/local_setup.sh'
[1.735s] INFO:colcon.colcon_core.shell:Creating prefix util module '/home/marwan/ros2_ws/install/_local_setup_util_sh.py'
[1.736s] INFO:colcon.colcon_core.shell:Creating prefix chain script '/home/marwan/ros2_ws/install/setup.sh'
[1.737s] INFO:colcon.colcon_core.shell:Creating prefix script '/home/marwan/ros2_ws/install/local_setup.bash'
[1.738s] INFO:colcon.colcon_core.shell:Creating prefix chain script '/home/marwan/ros2_ws/install/setup.bash'
[1.740s] INFO:colcon.colcon_core.shell:Creating prefix script '/home/marwan/ros2_ws/install/local_setup.zsh'
[1.741s] INFO:colcon.colcon_core.shell:Creating prefix chain script '/home/marwan/ros2_ws/install/setup.zsh'
